2026-06-26 02:44:42,420 - INFO - Successfully connected to Neo4j.
2026-06-26 02:44:43,724 - INFO - Deleted existing nodes and edges.
2026-06-26 02:44:47,815 - INFO - Dropped old constraint: class_id_unique
2026-06-26 02:44:47,896 - INFO - Dropped old constraint: constraint_e4ee034b
2026-06-26 02:44:47,933 - INFO - Dropped old constraint: doc_id_unique
2026-06-26 02:44:47,988 - INFO - Dropped old constraint: enum_id_unique
2026-06-26 02:44:48,030 - INFO - Dropped old constraint: enumvalue_id_unique
2026-06-26 02:44:48,068 - INFO - Dropped old constraint: external_class_id_unique
2026-06-26 02:44:48,106 - INFO - Dropped old constraint: external_type_name_unique
2026-06-26 02:44:48,140 - INFO - Dropped old constraint: function_id_unique
2026-06-26 02:44:48,176 - INFO - Dropped old constraint: method_id_unique
2026-06-26 02:44:48,211 - INFO - Dropped old constraint: parameter_id_unique
2026-06-26 02:44:48,245 - INFO - Dropped old constraint: primitive_type_name_unique
2026-06-26 02:44:48,280 - INFO - Dropped old constraint: struct_id_unique
2026-06-26 02:44:48,314 - INFO - Dropped old constraint: typedef_id_unique
2026-06-26 02:44:50,025 - INFO - Constraints verified/created.
2026-06-26 02:44:50,303 - INFO - Loaded 1864 file records from C:\Users\Dell\OneDrive\Desktop\step1\scratch\..\data\code_base.json
2026-06-26 02:44:51,288 - INFO - Starting file nodes load...
2026-06-26 02:44:52,352 - INFO - Starting class nodes load...
2026-06-26 02:46:11,293 - WARNING - Received notification from DBMS server: <GqlStatusObject gql_status='01N51', status_description='warn: relationship type does not exist. The relationship type `ALIASES` does not exist in database `neo4j`. Verify that the spelling is correct.', position=<SummaryInputPosition line=1, column=13, offset=12>, raw_classification='UNRECOGNIZED', classification=<NotificationClassification.UNRECOGNIZED: 'UNRECOGNIZED'>, raw_severity='WARNING', severity=<NotificationSeverity.WARNING: 'WARNING'>, diagnostic_record={'_classification': 'UNRECOGNIZED', '_severity': 'WARNING', '_position': {'offset': 12, 'line': 1, 'column': 13}, 'OPERATION': '', 'OPERATION_CODE': '0', 'CURRENT_SCHEMA': '/'}> for query: 'MATCH ()-[r:ALIASES]->() RETURN count(r) AS count'
2026-06-26 19:47:33,022 - INFO - Starting Graph Build Phase 2B
2026-06-26 19:47:35,110 - INFO - Successfully connected to Neo4j.
2026-06-26 19:47:41,178 - INFO - Deleted existing nodes and edges.
2026-06-26 19:47:58,181 - INFO - Dropped old constraint: class_id_unique
2026-06-26 19:47:58,319 - INFO - Dropped old constraint: constraint_e4ee034b
2026-06-26 19:47:58,392 - INFO - Dropped old constraint: doc_id_unique
2026-06-26 19:47:58,458 - INFO - Dropped old constraint: enum_id_unique
2026-06-26 19:47:58,521 - INFO - Dropped old constraint: enumvalue_id_unique
2026-06-26 19:47:58,582 - INFO - Dropped old constraint: external_class_id_unique
2026-06-26 19:47:58,640 - INFO - Dropped old constraint: external_type_name_unique
2026-06-26 19:47:58,690 - INFO - Dropped old constraint: function_id_unique
2026-06-26 19:47:58,738 - INFO - Dropped old constraint: method_id_unique
2026-06-26 19:47:58,786 - INFO - Dropped old constraint: parameter_id_unique
2026-06-26 19:47:58,844 - INFO - Dropped old constraint: primitive_type_name_unique
2026-06-26 19:47:58,888 - INFO - Dropped old constraint: struct_id_unique
2026-06-26 19:47:59,081 - INFO - Dropped old constraint: typedef_id_unique
2026-06-26 19:48:01,354 - INFO - Constraints verified/created.
2026-06-26 19:48:01,754 - INFO - Loaded 1864 file records from code_base.json
2026-06-26 19:48:02,760 - INFO - Starting file nodes load...
2026-06-26 19:48:05,122 - INFO - Starting class nodes load...
2026-06-26 19:49:18,289 - WARNING - Received notification from DBMS server: <GqlStatusObject gql_status='01N51', status_description='warn: relationship type does not exist. The relationship type `ALIASES` does not exist in database `neo4j`. Verify that the spelling is correct.', position=<SummaryInputPosition line=1, column=13, offset=12>, raw_classification='UNRECOGNIZED', classification=<NotificationClassification.UNRECOGNIZED: 'UNRECOGNIZED'>, raw_severity='WARNING', severity=<NotificationSeverity.WARNING: 'WARNING'>, diagnostic_record={'_classification': 'UNRECOGNIZED', '_severity': 'WARNING', '_position': {'offset': 12, 'line': 1, 'column': 13}, 'OPERATION': '', 'OPERATION_CODE': '0', 'CURRENT_SCHEMA': '/'}> for query: 'MATCH ()-[r:ALIASES]->() RETURN count(r) AS count'
2026-06-26 19:49:20,825 - INFO - Graph build complete. Report generated.
2026-06-26 19:51:53,102 - INFO - Starting Graph Build Phase 2B
2026-06-26 19:51:55,169 - INFO - Successfully connected to Neo4j.
2026-06-26 19:51:58,257 - INFO - Deleted existing nodes and edges.
2026-06-26 19:52:04,552 - INFO - Dropped old constraint: class_id_unique
2026-06-26 19:52:04,613 - INFO - Dropped old constraint: constraint_e4ee034b
2026-06-26 19:52:04,642 - INFO - Dropped old constraint: doc_id_unique
2026-06-26 19:52:04,678 - INFO - Dropped old constraint: enum_id_unique
2026-06-26 19:52:04,702 - INFO - Dropped old constraint: enumvalue_id_unique
2026-06-26 19:52:04,723 - INFO - Dropped old constraint: external_class_id_unique
2026-06-26 19:52:04,750 - INFO - Dropped old constraint: external_type_name_unique
2026-06-26 19:52:04,772 - INFO - Dropped old constraint: function_id_unique
2026-06-26 19:52:04,799 - INFO - Dropped old constraint: method_id_unique
2026-06-26 19:52:04,822 - INFO - Dropped old constraint: parameter_id_unique
2026-06-26 19:52:04,842 - INFO - Dropped old constraint: primitive_type_name_unique
2026-06-26 19:52:04,860 - INFO - Dropped old constraint: struct_id_unique
2026-06-26 19:52:04,913 - INFO - Dropped old constraint: typedef_id_unique
2026-06-26 19:52:06,265 - INFO - Constraints verified/created.
2026-06-26 19:52:06,569 - INFO - Loaded 1864 file records from code_base.json
2026-06-26 19:52:07,385 - INFO - Starting file nodes load...
2026-06-26 19:52:07,720 - INFO - Starting class nodes load...
2026-06-26 19:53:10,633 - WARNING - Received notification from DBMS server: <GqlStatusObject gql_status='01N51', status_description='warn: relationship type does not exist. The relationship type `ALIASES` does not exist in database `neo4j`. Verify that the spelling is correct.', position=<SummaryInputPosition line=1, column=13, offset=12>, raw_classification='UNRECOGNIZED', classification=<NotificationClassification.UNRECOGNIZED: 'UNRECOGNIZED'>, raw_severity='WARNING', severity=<NotificationSeverity.WARNING: 'WARNING'>, diagnostic_record={'_classification': 'UNRECOGNIZED', '_severity': 'WARNING', '_position': {'offset': 12, 'line': 1, 'column': 13}, 'OPERATION': '', 'OPERATION_CODE': '0', 'CURRENT_SCHEMA': '/'}> for query: 'MATCH ()-[r:ALIASES]->() RETURN count(r) AS count'
2026-06-26 19:53:12,260 - INFO - Graph build complete. Report generated.
2026-06-26 19:54:03,540 - INFO - Starting Graph Build Phase 2B
2026-06-26 19:54:05,599 - INFO - Successfully connected to Neo4j.
2026-06-26 19:54:08,552 - INFO - Deleted existing nodes and edges.
2026-06-26 19:54:13,322 - INFO - Dropped old constraint: class_id_unique
2026-06-26 19:54:13,353 - INFO - Dropped old constraint: constraint_e4ee034b
2026-06-26 19:54:13,373 - INFO - Dropped old constraint: doc_id_unique
2026-06-26 19:54:13,392 - INFO - Dropped old constraint: enum_id_unique
2026-06-26 19:54:13,407 - INFO - Dropped old constraint: enumvalue_id_unique
2026-06-26 19:54:13,420 - INFO - Dropped old constraint: external_class_id_unique
2026-06-26 19:54:13,440 - INFO - Dropped old constraint: external_type_name_unique
2026-06-26 19:54:13,455 - INFO - Dropped old constraint: function_id_unique
2026-06-26 19:54:13,476 - INFO - Dropped old constraint: method_id_unique
2026-06-26 19:54:13,491 - INFO - Dropped old constraint: parameter_id_unique
2026-06-26 19:54:13,515 - INFO - Dropped old constraint: primitive_type_name_unique
2026-06-26 19:54:13,532 - INFO - Dropped old constraint: struct_id_unique
2026-06-26 19:54:13,553 - INFO - Dropped old constraint: typedef_id_unique
2026-06-26 19:54:14,604 - INFO - Constraints verified/created.
2026-06-26 19:54:15,067 - INFO - Loaded 1864 file records from code_base.json
2026-06-26 19:54:15,887 - INFO - Starting file nodes load...
2026-06-26 19:54:16,152 - INFO - Starting class nodes load...
2026-06-26 19:55:14,725 - WARNING - Received notification from DBMS server: <GqlStatusObject gql_status='01N51', status_description='warn: relationship type does not exist. The relationship type `ALIASES` does not exist in database `neo4j`. Verify that the spelling is correct.', position=<SummaryInputPosition line=1, column=13, offset=12>, raw_classification='UNRECOGNIZED', classification=<NotificationClassification.UNRECOGNIZED: 'UNRECOGNIZED'>, raw_severity='WARNING', severity=<NotificationSeverity.WARNING: 'WARNING'>, diagnostic_record={'_classification': 'UNRECOGNIZED', '_severity': 'WARNING', '_position': {'offset': 12, 'line': 1, 'column': 13}, 'OPERATION': '', 'OPERATION_CODE': '0', 'CURRENT_SCHEMA': '/'}> for query: 'MATCH ()-[r:ALIASES]->() RETURN count(r) AS count'
2026-06-26 19:55:16,219 - INFO - Graph build complete. Report generated.
2026-06-26 20:29:26,960 - INFO - Starting Graph Build Phase 2B
2026-06-26 20:29:29,031 - INFO - Successfully connected to Neo4j.
2026-06-26 20:29:29,069 - INFO - Deleted existing nodes and edges.
2026-06-26 20:29:29,092 - INFO - Dropped old constraint: build_config_name_unique
2026-06-26 20:29:29,103 - INFO - Dropped old constraint: class_id_unique
2026-06-26 20:29:29,112 - INFO - Dropped old constraint: constraint_e4ee034b
2026-06-26 20:29:29,119 - INFO - Dropped old constraint: doc_id_unique
2026-06-26 20:29:29,128 - INFO - Dropped old constraint: enum_id_unique
2026-06-26 20:29:29,138 - INFO - Dropped old constraint: enumvalue_id_unique
2026-06-26 20:29:29,147 - INFO - Dropped old constraint: external_class_id_unique
2026-06-26 20:29:29,153 - INFO - Dropped old constraint: external_type_name_unique
2026-06-26 20:29:29,162 - INFO - Dropped old constraint: function_id_unique
2026-06-26 20:29:29,170 - INFO - Dropped old constraint: method_id_unique
2026-06-26 20:29:29,179 - INFO - Dropped old constraint: parameter_id_unique
2026-06-26 20:29:29,185 - INFO - Dropped old constraint: primitive_type_name_unique
2026-06-26 20:29:29,197 - INFO - Dropped old constraint: struct_id_unique
2026-06-26 20:29:29,203 - INFO - Dropped old constraint: typedef_id_unique
2026-06-26 20:29:29,898 - INFO - Constraints verified/created.
2026-06-26 20:29:30,357 - INFO - Loaded 2711 file records from code_base.json
2026-06-26 20:29:31,012 - INFO - Starting file nodes load...
2026-06-26 20:29:31,219 - INFO - Starting INCLUDES relationships load...
2026-06-26 20:29:32,832 - INFO - Starting class nodes load...
2026-06-26 20:30:13,569 - INFO - Connected to Neo4j successfully for call graph builder.
2026-06-26 20:30:13,569 - INFO - Fetching existing function and method nodes from Neo4j...
2026-06-26 20:30:15,017 - INFO - Loaded 26465 existing symbol FQNs in memory.
2026-06-26 20:30:15,019 - INFO - Processing 76505 function call invocations...
2026-06-26 20:30:15,187 - INFO - Ingesting 1527 ExternalFunction nodes...
2026-06-26 20:30:15,357 - INFO - Ingesting 76505 CALLS & CALLED_BY relationships...
